SF:lib\providers\medication_provider.dart
DA:4,2
DA:9,1
DA:10,4
DA:13,1
DA:14,4
DA:18,4
DA:19,2
LF:7
LH:7
end_of_record
SF:lib\app_router.dart
DA:13,6
DA:15,2
DA:16,4
DA:18,2
DA:20,1
DA:23,4
DA:25,2
DA:27,0
DA:30,2
DA:32,1
DA:35,2
DA:37,1
DA:39,2
DA:41,1
DA:44,2
DA:46,2
DA:49,2
DA:51,1
LF:18
LH:17
end_of_record
SF:lib\screens\login_screen.dart
DA:6,1
DA:8,2
DA:9,2
DA:15,2
DA:17,2
DA:19,2
DA:20,2
DA:22,2
DA:24,2
DA:27,2
DA:28,2
DA:30,2
DA:33,2
DA:42,2
DA:43,2
DA:44,2
DA:47,2
DA:52,2
DA:53,2
DA:58,2
DA:59,1
DA:60,2
DA:61,2
DA:68,2
DA:69,2
DA:79,2
DA:83,2
DA:85,2
DA:86,1
DA:87,1
DA:89,2
DA:107,2
DA:111,2
DA:114,2
DA:115,2
DA:116,2
DA:118,2
DA:122,2
DA:123,2
LF:39
LH:39
end_of_record
SF:lib\screens\reset_password_screen.dart
DA:5,1
DA:7,1
DA:9,1
DA:11,1
DA:15,1
DA:19,1
DA:22,0
DA:23,0
DA:28,1
DA:29,1
DA:31,1
DA:32,1
DA:36,1
DA:38,1
DA:44,1
DA:46,1
DA:59,1
DA:71,1
DA:75,1
DA:77,1
DA:78,0
DA:79,0
DA:81,0
DA:89,1
LF:24
LH:19
end_of_record
SF:lib\screens\home_screen.dart
DA:10,1
DA:14,2
DA:16,2
DA:18,2
DA:19,2
DA:20,2
DA:22,2
DA:24,2
DA:46,2
DA:48,2
DA:50,2
DA:51,2
DA:52,2
DA:54,2
DA:56,2
DA:80,2
DA:82,2
DA:85,2
DA:86,1
DA:87,1
DA:89,1
DA:97,2
DA:129,2
DA:131,2
DA:132,2
DA:135,0
DA:136,0
DA:138,0
DA:139,0
DA:145,2
DA:148,0
DA:149,0
DA:151,0
DA:152,0
DA:161,2
DA:163,2
DA:164,2
DA:167,0
DA:168,0
DA:172,2
DA:175,0
DA:176,0
DA:187,2
DA:190,0
DA:191,0
DA:192,0
DA:193,0
DA:194,0
DA:195,0
DA:196,0
DA:197,0
DA:198,0
DA:237,2
DA:244,2
DA:246,2
DA:247,2
DA:248,4
DA:250,2
DA:251,2
DA:253,2
DA:256,4
DA:257,2
DA:259,2
DA:260,4
DA:262,2
DA:263,2
LF:66
LH:45
end_of_record
SF:lib\screens\appointments_screen.dart
DA:6,1
DA:10,0
DA:12,0
DA:14,0
DA:15,0
DA:17,0
DA:70,0
DA:73,0
DA:74,0
DA:75,0
DA:76,0
DA:77,0
DA:78,0
DA:79,0
DA:80,0
DA:81,0
DA:122,1
DA:130,0
DA:132,0
DA:134,0
DA:135,0
DA:139,0
DA:140,0
DA:141,0
DA:143,0
DA:145,0
DA:146,0
DA:147,0
DA:149,0
DA:150,0
DA:151,0
DA:158,0
DA:159,0
DA:166,0
DA:170,0
DA:172,0
DA:176,0
DA:178,0
DA:179,0
DA:180,0
DA:182,0
DA:188,0
DA:193,0
DA:194,0
LF:44
LH:2
end_of_record
SF:lib\screens\medications_screen.dart
DA:9,1
DA:15,1
DA:17,2
DA:19,1
DA:22,1
DA:23,1
DA:25,1
DA:27,1
DA:41,1
DA:42,1
DA:50,1
DA:51,1
DA:53,1
DA:54,1
DA:55,2
DA:63,1
DA:81,1
DA:107,1
DA:109,1
DA:112,1
DA:133,1
DA:143,0
DA:144,0
DA:145,0
DA:146,0
DA:147,0
DA:148,0
DA:149,0
DA:150,0
DA:151,0
DA:189,1
DA:197,1
DA:199,1
DA:201,5
DA:202,1
DA:206,1
DA:208,2
DA:209,1
DA:211,1
DA:213,1
DA:214,1
DA:215,1
DA:216,1
DA:217,1
DA:224,1
DA:225,1
DA:236,2
DA:240,1
DA:241,1
DA:242,1
DA:243,2
DA:248,1
DA:249,2
DA:252,1
DA:254,1
DA:255,0
DA:257,0
DA:258,0
DA:260,1
DA:265,1
DA:266,1
DA:295,1
DA:303,1
DA:305,1
DA:307,5
DA:308,1
DA:312,1
DA:314,2
DA:315,1
DA:317,1
DA:319,1
DA:320,1
DA:321,1
DA:322,1
DA:323,1
DA:324,1
DA:327,1
DA:331,1
DA:332,1
DA:333,2
DA:340,1
DA:341,1
DA:342,2
DA:347,1
DA:348,1
DA:349,1
DA:350,1
DA:351,1
DA:352,2
DA:356,1
DA:363,1
DA:365,1
LF:92
LH:80
end_of_record
SF:lib\screens\messages_screen.dart
DA:6,1
DA:10,1
DA:12,1
DA:14,1
DA:15,1
DA:17,1
DA:19,1
DA:31,1
DA:32,1
DA:36,1
DA:38,1
DA:39,1
DA:40,1
DA:42,1
DA:47,1
DA:48,1
DA:87,1
DA:89,0
DA:90,0
DA:91,0
DA:92,0
DA:93,0
DA:94,0
DA:95,0
DA:96,0
DA:97,0
DA:139,1
DA:147,1
DA:149,1
DA:151,5
DA:152,1
DA:156,1
DA:157,1
DA:158,1
DA:160,1
DA:162,1
DA:163,1
DA:164,1
DA:170,1
DA:171,1
DA:177,2
DA:181,1
DA:182,1
DA:183,1
DA:184,2
DA:187,1
DA:188,2
DA:191,1
DA:193,1
DA:194,0
DA:195,0
DA:197,1
DA:202,1
DA:203,1
LF:54
LH:43
end_of_record
SF:lib\screens\doctor_messaging.dart
DA:6,1
DA:8,1
DA:9,1
DA:17,1
DA:19,2
DA:20,1
DA:23,1
DA:24,3
DA:26,1
DA:30,2
DA:33,1
DA:35,1
DA:37,1
DA:38,1
DA:39,1
DA:40,1
DA:42,1
DA:43,1
DA:44,1
DA:48,1
DA:49,0
DA:50,0
DA:89,1
DA:90,1
DA:95,1
DA:96,1
DA:97,1
DA:99,1
DA:102,1
DA:104,1
DA:117,1
DA:119,1
DA:124,1
DA:130,1
DA:132,1
DA:152,1
DA:155,1
DA:156,1
DA:158,1
DA:159,1
DA:160,1
DA:164,1
DA:165,0
DA:166,0
DA:168,0
DA:183,1
DA:184,1
DA:185,1
DA:197,1
DA:201,1
DA:202,1
LF:51
LH:46
end_of_record
SF:lib\screens\profile_screen.dart
DA:6,1
DA:11,2
DA:13,2
DA:16,2
DA:17,2
DA:19,2
DA:21,2
DA:75,2
DA:77,1
DA:78,1
DA:80,1
DA:90,2
DA:92,0
DA:93,0
DA:95,0
DA:105,2
DA:107,0
DA:108,0
DA:110,0
DA:120,2
DA:122,0
DA:123,0
DA:125,0
DA:135,2
DA:139,2
DA:142,2
DA:143,0
DA:144,0
DA:146,2
DA:150,2
DA:151,2
DA:169,2
DA:178,0
DA:179,0
DA:180,0
DA:181,0
DA:182,0
DA:183,0
DA:184,0
DA:185,0
DA:186,0
DA:221,1
DA:223,2
DA:225,2
DA:226,6
DA:227,2
DA:229,2
DA:230,2
DA:231,2
DA:235,4
DA:246,2
DA:252,2
DA:254,2
DA:255,2
DA:256,4
DA:258,2
DA:261,2
DA:262,2
DA:263,2
DA:267,2
DA:268,2
DA:273,2
DA:274,2
DA:275,2
DA:276,4
LF:65
LH:45
end_of_record
SF:lib\screens\new_message_screen.dart
DA:5,1
DA:9,1
DA:11,1
DA:13,1
DA:16,1
DA:20,1
DA:23,0
DA:24,0
DA:37,1
DA:38,1
DA:40,1
DA:42,1
DA:69,1
DA:73,1
DA:74,1
DA:77,0
DA:78,0
DA:80,0
DA:99,1
DA:102,1
DA:106,1
DA:107,0
DA:108,0
DA:110,1
LF:24
LH:17
end_of_record
SF:lib\main.dart
DA:6,0
DA:7,0
DA:11,1
DA:13,2
DA:15,2
DA:18,2
DA:19,2
DA:20,2
DA:21,2
LF:9
LH:7
end_of_record
